{
  "stats": {
    "suites": 1,
    "tests": 4,
    "passes": 4,
    "pending": 0,
    "failures": 0,
    "start": "2024-05-13T11:24:30.384Z",
    "end": "2024-05-13T11:25:42.688Z",
    "duration": 72304,
    "testsRegistered": 4,
    "passPercent": 100,
    "pendingPercent": 0,
    "other": 0,
    "hasOther": false,
    "skipped": 0,
    "hasSkipped": false
  },
  "results": [
    {
      "uuid": "2deea17b-fc48-49f9-bcd6-17d4492c4b97",
      "title": "",
      "fullFile": "cypress\\e2e\\ContactUsFormPage.cy.js",
      "file": "cypress\\e2e\\ContactUsFormPage.cy.js",
      "beforeHooks": [],
      "afterHooks": [],
      "tests": [],
      "suites": [
        {
          "uuid": "2e9a97df-0ed4-4a08-b3fc-61cdd205740e",
          "title": "Automate Contact Us Form Page",
          "fullFile": "",
          "file": "",
          "beforeHooks": [],
          "afterHooks": [],
          "tests": [
            {
              "title": "Filling the Contact Us Form with Invalid Data",
              "fullTitle": "Automate Contact Us Form Page Filling the Contact Us Form with Invalid Data",
              "timedOut": null,
              "duration": 22544,
              "state": "passed",
              "speed": "slow",
              "pass": true,
              "fail": false,
              "pending": false,
              "context": null,
              "code": "//Getting Contact element and Click it\ncy.get('#DrpDwnMn06label').click();\n//Import data from the Fixture Folder   \ncy.fixture('ContactUsFormData.json').then(Data => {\n  // Use the data from 'ValidData' to fill the form\n  const vdata = Data.InValidData[0];\n  //Getting the \"Name\" field by \"ID\" selector\n  cy.get('#input_comp-kf5uosmd').type(vdata.Name).wait(2000);\n  //Getting the \"Email\" field by \"ID\" selector  \n  cy.get('#input_comp-kf5uosmq').type(vdata.Email).wait(2000);\n  //Getting the \"Phone\" field by \"ID\" selector  \n  cy.get('#input_comp-kf5uosmw').type(vdata.Phone).wait(2000);\n  //Getting the \"Company Name\" field by \"ID\" selector  \n  cy.get('#input_comp-kf5uosn2').type(vdata.CompanyName).wait(2000);\n  //Getting the \"Message\" field by \"ID\" selector  \n  cy.get('#textarea_comp-kf5uosn7').type(vdata.Message).wait(2000);\n  //Getting and Clicking on \"Send\" button  \n  cy.get('.l7_2fn').click().wait(3000);\n});",
              "err": {},
              "uuid": "af81379d-2761-422f-803d-67ec55bcbc55",
              "parentUUID": "2e9a97df-0ed4-4a08-b3fc-61cdd205740e",
              "isHook": false,
              "skipped": false
            },
            {
              "title": "Filling the Contact Us Form with Empty Data Fields",
              "fullTitle": "Automate Contact Us Form Page Filling the Contact Us Form with Empty Data Fields",
              "timedOut": null,
              "duration": 14958,
              "state": "passed",
              "speed": "slow",
              "pass": true,
              "fail": false,
              "pending": false,
              "context": null,
              "code": "//Getting Contact button element and Click it\ncy.get('#DrpDwnMn06label').click();\n//Import data from the Fixture Folder   \ncy.fixture('ContactUsFormData.json').then(Data => {\n  // Use the data from 'ValidData' to fill the form\n  const vdata = Data.EmptyData[0];\n  //Getting the \"Name\" field by \"ID\" selector\n  cy.get('#input_comp-kf5uosmd').type(vdata.Name).wait(1000);\n  //Getting the \"Email\" field by \"ID\" selector  \n  cy.get('#input_comp-kf5uosmq').type(vdata.Email).wait(1000);\n  //Getting the \"Phone\" field by \"ID\" selector  \n  cy.get('#input_comp-kf5uosmw').type(vdata.Phone).wait(1000);\n  //Getting the \"Company Name\" field by \"ID\" selector  \n  cy.get('#input_comp-kf5uosn2').type(vdata.CompanyName).wait(1000);\n  //Getting the \"Message\" field by \"ID\" selector  \n  cy.get('#textarea_comp-kf5uosn7').type(vdata.Message).wait(1000);\n  //Getting and Clicking on \"Send\" button  \n  cy.get('.l7_2fn').click().wait(3000);\n});",
              "err": {},
              "uuid": "a05f6230-ad42-4cf5-846d-31ac6a4ba5db",
              "parentUUID": "2e9a97df-0ed4-4a08-b3fc-61cdd205740e",
              "isHook": false,
              "skipped": false
            },
            {
              "title": "Filling the Contact Us Form with left some required fields",
              "fullTitle": "Automate Contact Us Form Page Filling the Contact Us Form with left some required fields",
              "timedOut": null,
              "duration": 15037,
              "state": "passed",
              "speed": "slow",
              "pass": true,
              "fail": false,
              "pending": false,
              "context": null,
              "code": "//Getting Contact button element and Click it\ncy.get('#DrpDwnMn06label').click();\n//Import data from the Fixture Folder   \ncy.fixture('ContactUsFormData.json').then(Data => {\n  // Use the data from 'ValidData' to fill the form\n  const vdata = Data.EmptySomeData[0];\n  //Getting the \"Name\" field by \"ID\" selector\n  cy.get('#input_comp-kf5uosmd').type(vdata.Name).wait(1000);\n  //Getting the \"Email\" field by \"ID\" selector  \n  cy.get('#input_comp-kf5uosmq').type(vdata.Email).wait(1000);\n  //Getting the \"Phone\" field by \"ID\" selector  \n  cy.get('#input_comp-kf5uosmw').type(vdata.Phone).wait(1000);\n  //Getting the \"Company Name\" field by \"ID\" selector  \n  cy.get('#input_comp-kf5uosn2').type(vdata.CompanyName).wait(1000);\n  //Getting the \"Message\" field by \"ID\" selector  \n  cy.get('#textarea_comp-kf5uosn7').type(vdata.Message).wait(1000);\n  //Getting and Clicking on \"Send\" button  \n  cy.get('.l7_2fn').click().wait(3000);\n});",
              "err": {},
              "uuid": "a870a72f-2d5c-46f5-882e-35b411ce7d3b",
              "parentUUID": "2e9a97df-0ed4-4a08-b3fc-61cdd205740e",
              "isHook": false,
              "skipped": false
            },
            {
              "title": "Filling the Contact Us Form with Valid Data",
              "fullTitle": "Automate Contact Us Form Page Filling the Contact Us Form with Valid Data",
              "timedOut": null,
              "duration": 16000,
              "state": "passed",
              "speed": "slow",
              "pass": true,
              "fail": false,
              "pending": false,
              "context": null,
              "code": "//Getting Contact button element and Click it\ncy.get('#DrpDwnMn06label').click();\n//Import data from the Fixture Folder   \ncy.fixture('ContactUsFormData.json').then(Data => {\n  // Use the data from 'ValidData' to fill the form\n  const vdata = Data.ValidData[0];\n  //Getting the \"Name\" field by \"ID\" selector\n  cy.get('#input_comp-kf5uosmd').type(vdata.Name).wait(1000);\n  //Getting the \"Email\" field by \"ID\" selector  \n  cy.get('#input_comp-kf5uosmq').type(vdata.Email).wait(1000);\n  //Getting the \"Phone\" field by \"ID\" selector  \n  cy.get('#input_comp-kf5uosmw').type(vdata.Phone).wait(1000);\n  //Getting the \"Company Name\" field by \"ID\" selector  \n  cy.get('#input_comp-kf5uosn2').type(vdata.CompanyName).wait(1000);\n  //Getting the \"Message\" field by \"ID\" selector  \n  cy.get('#textarea_comp-kf5uosn7').type(vdata.Message).wait(1000);\n  //Getting and Clicking on \"Send\" button  \n  cy.get('.l7_2fn').click().wait(3000);\n});",
              "err": {},
              "uuid": "95ac0e66-ae78-46c9-9ed8-700641e84af5",
              "parentUUID": "2e9a97df-0ed4-4a08-b3fc-61cdd205740e",
              "isHook": false,
              "skipped": false
            }
          ],
          "suites": [],
          "passes": [
            "af81379d-2761-422f-803d-67ec55bcbc55",
            "a05f6230-ad42-4cf5-846d-31ac6a4ba5db",
            "a870a72f-2d5c-46f5-882e-35b411ce7d3b",
            "95ac0e66-ae78-46c9-9ed8-700641e84af5"
          ],
          "failures": [],
          "pending": [],
          "skipped": [],
          "duration": 68539,
          "root": false,
          "rootEmpty": false,
          "_timeout": 2000
        }
      ],
      "passes": [],
      "failures": [],
      "pending": [],
      "skipped": [],
      "duration": 0,
      "root": true,
      "rootEmpty": true,
      "_timeout": 2000
    }
  ],
  "meta": {
    "mocha": {
      "version": "7.0.1"
    },
    "mochawesome": {
      "options": {
        "quiet": false,
        "reportFilename": "mochawesome",
        "saveHtml": false,
        "saveJson": true,
        "consoleReporter": "spec",
        "useInlineDiffs": false,
        "code": true
      },
      "version": "7.1.3"
    },
    "marge": {
      "options": {
        "reportDir": "cypress/reports",
        "overwrite": false,
        "html": false,
        "pdf": true
      },
      "version": "6.2.0"
    }
  }
}