{
  "stats": {
    "suites": 1,
    "tests": 1,
    "passes": 1,
    "pending": 0,
    "failures": 0,
    "start": "2024-05-13T10:07:54.064Z",
    "end": "2024-05-13T10:08:22.754Z",
    "duration": 28690,
    "testsRegistered": 1,
    "passPercent": 100,
    "pendingPercent": 0,
    "other": 0,
    "hasOther": false,
    "skipped": 0,
    "hasSkipped": false
  },
  "results": [
    {
      "uuid": "9f6eadea-8358-4ced-b4e2-8cd426199c44",
      "title": "",
      "fullFile": "cypress\\e2e\\LEAN_PlanningModule.cy.js",
      "file": "cypress\\e2e\\LEAN_PlanningModule.cy.js",
      "beforeHooks": [],
      "afterHooks": [],
      "tests": [],
      "suites": [
        {
          "uuid": "2e5ff891-1d87-488b-96a2-8c9e3597631c",
          "title": "LEAN Pull Planning Page",
          "fullFile": "",
          "file": "",
          "beforeHooks": [],
          "afterHooks": [],
          "tests": [
            {
              "title": "Visiting LEAN Pull Planning Module",
              "fullTitle": "LEAN Pull Planning Page Visiting LEAN Pull Planning Module",
              "timedOut": null,
              "duration": 23679,
              "state": "passed",
              "speed": "slow",
              "pass": true,
              "fail": false,
              "pending": false,
              "context": null,
              "code": "//Getting LEAN Pull Planning button by ID selector and click on it\ncy.get('#DrpDwnMn01label').should('be.visible') // Visible in the screen\n.scrollIntoView() //Focus on element \n.wait(2000) //Wait for 2 sec   \n.click(); //Click on the button\ncy.scrollTo('center'); // Scroll down page to center\n//Getting Download Flyer button by class selector and click on it\ncy.get('.l7_2fn').should('be.visible') // Visible in the screen   \n.scrollIntoView() //Focus on element\n.wait(2000) //Wait for 2 sec\n.click() //Click on the button\n.wait(5000);",
              "err": {},
              "uuid": "543c784e-907f-415c-afe1-1e5fdee688a2",
              "parentUUID": "2e5ff891-1d87-488b-96a2-8c9e3597631c",
              "isHook": false,
              "skipped": false
            }
          ],
          "suites": [],
          "passes": [
            "543c784e-907f-415c-afe1-1e5fdee688a2"
          ],
          "failures": [],
          "pending": [],
          "skipped": [],
          "duration": 23679,
          "root": false,
          "rootEmpty": false,
          "_timeout": 2000
        }
      ],
      "passes": [],
      "failures": [],
      "pending": [],
      "skipped": [],
      "duration": 0,
      "root": true,
      "rootEmpty": true,
      "_timeout": 2000
    }
  ],
  "meta": {
    "mocha": {
      "version": "7.0.1"
    },
    "mochawesome": {
      "options": {
        "quiet": false,
        "reportFilename": "mochawesome",
        "saveHtml": false,
        "saveJson": true,
        "consoleReporter": "spec",
        "useInlineDiffs": false,
        "code": true
      },
      "version": "7.1.3"
    },
    "marge": {
      "options": {
        "reportDir": "cypress/reports",
        "overwrite": false,
        "html": false,
        "pdf": true
      },
      "version": "6.2.0"
    }
  }
}